<?xml version="1.0" encoding="UTF-8"?>
<testng-results skipped="0" failed="0" total="1" passed="1">
  <reporter-output>
  </reporter-output>
  <suite name="Default suite" duration-ms="7996" started-at="2021-02-12T03:35:18Z" finished-at="2021-02-12T03:35:26Z">
    <groups>
    </groups>
    <test name="Default test" duration-ms="7996" started-at="2021-02-12T03:35:18Z" finished-at="2021-02-12T03:35:26Z">
      <class name="com.pratian.saucedemo.automation.testclasses.AddTocart">
        <test-method status="PASS" signature="setUp()[pri:0, instance:com.pratian.saucedemo.automation.testclasses.AddTocart@6a4f787b]" name="setUp" is-config="true" duration-ms="1786" started-at="2021-02-12T09:05:18Z" finished-at="2021-02-12T09:05:20Z">
          <reporter-output>
          </reporter-output>
        </test-method> <!-- setUp -->
        <test-method status="PASS" signature="signIn(java.lang.String, java.lang.String)[pri:0, instance:com.pratian.saucedemo.automation.testclasses.AddTocart@6a4f787b]" name="signIn" duration-ms="5532" started-at="2021-02-12T09:05:21Z" data-provider="signIn" finished-at="2021-02-12T09:05:26Z">
          <params>
            <param index="0">
              <value>
                <![CDATA[standard_user]]>
              </value>
            </param>
            <param index="1">
              <value>
                <![CDATA[secret_sauce]]>
              </value>
            </param>
          </params>
          <reporter-output>
          </reporter-output>
        </test-method> <!-- signIn -->
        <test-method status="PASS" signature="tearDown()[pri:0, instance:com.pratian.saucedemo.automation.testclasses.AddTocart@6a4f787b]" name="tearDown" is-config="true" duration-ms="62" started-at="2021-02-12T09:05:26Z" finished-at="2021-02-12T09:05:26Z">
          <reporter-output>
          </reporter-output>
        </test-method> <!-- tearDown -->
      </class> <!-- com.pratian.saucedemo.automation.testclasses.AddTocart -->
    </test> <!-- Default test -->
  </suite> <!-- Default suite -->
</testng-results>
